2022-04-21 20:58:13,695 - c:\users\aarc8\documents\github\mdoairb_base\framework\utilities\output     - INFO - ==== Start writing aircraft results ====
2022-04-21 20:58:13,703 - c:\users\aarc8\documents\github\mdoairb_base\framework\utilities\output     - INFO - ==== End writing aircraft results ====
2022-04-21 20:58:13,704 - c:\users\aarc8\documents\github\mdoairb_base\framework\utilities\output     - INFO - ==== Start writing klm results ====
2022-04-21 20:58:13,706 - c:\users\aarc8\documents\github\mdoairb_base\framework\utilities\output     - INFO - ==== End writing klm results ====
2022-04-22 00:24:23,483 - c:\users\aarc8\documents\github\mdoairb_base\framework\utilities\output     - INFO - ==== Start writing aircraft results ====
2022-04-22 00:24:23,491 - c:\users\aarc8\documents\github\mdoairb_base\framework\utilities\output     - INFO - ==== End writing aircraft results ====
2022-04-22 00:24:23,492 - c:\users\aarc8\documents\github\mdoairb_base\framework\utilities\output     - INFO - ==== Start writing klm results ====
2022-04-22 00:24:23,496 - c:\users\aarc8\documents\github\mdoairb_base\framework\utilities\output     - INFO - ==== End writing klm results ====
2022-04-22 02:50:25,638 - c:\users\aarc8\documents\github\mdoairb_base\framework\utilities\output     - INFO - ==== Start writing aircraft results ====
2022-04-22 02:50:25,650 - c:\users\aarc8\documents\github\mdoairb_base\framework\utilities\output     - INFO - ==== End writing aircraft results ====
2022-04-22 02:50:25,670 - c:\users\aarc8\documents\github\mdoairb_base\framework\utilities\output     - INFO - ==== Start writing klm results ====
2022-04-22 02:50:25,696 - c:\users\aarc8\documents\github\mdoairb_base\framework\utilities\output     - INFO - ==== End writing klm results ====
2022-04-22 05:10:42,801 - c:\users\aarc8\documents\github\mdoairb_base\framework\utilities\output     - INFO - ==== Start writing aircraft results ====
2022-04-22 05:10:42,809 - c:\users\aarc8\documents\github\mdoairb_base\framework\utilities\output     - INFO - ==== End writing aircraft results ====
2022-04-22 05:10:42,809 - c:\users\aarc8\documents\github\mdoairb_base\framework\utilities\output     - INFO - ==== Start writing klm results ====
2022-04-22 05:10:42,809 - c:\users\aarc8\documents\github\mdoairb_base\framework\utilities\output     - INFO - ==== End writing klm results ====
2022-04-22 06:42:20,950 - c:\users\aarc8\documents\github\mdoairb_base\framework\utilities\output     - INFO - ==== Start writing aircraft results ====
2022-04-22 06:42:20,950 - c:\users\aarc8\documents\github\mdoairb_base\framework\utilities\output     - INFO - ==== End writing aircraft results ====
2022-04-22 06:42:20,950 - c:\users\aarc8\documents\github\mdoairb_base\framework\utilities\output     - INFO - ==== Start writing klm results ====
2022-04-22 06:42:20,966 - c:\users\aarc8\documents\github\mdoairb_base\framework\utilities\output     - INFO - ==== End writing klm results ====
2022-04-22 07:55:35,136 - c:\users\aarc8\documents\github\mdoairb_base\framework\utilities\output     - INFO - ==== Start writing aircraft results ====
2022-04-22 07:55:35,141 - c:\users\aarc8\documents\github\mdoairb_base\framework\utilities\output     - INFO - ==== End writing aircraft results ====
2022-04-22 07:55:35,141 - c:\users\aarc8\documents\github\mdoairb_base\framework\utilities\output     - INFO - ==== Start writing klm results ====
2022-04-22 07:55:35,143 - c:\users\aarc8\documents\github\mdoairb_base\framework\utilities\output     - INFO - ==== End writing klm results ====
2022-04-22 06:53:31,927 - c:\users\aarc8\documents\github\mdoairb_base\framework\utilities\output     - INFO - ==== Start writing aircraft results ====
2022-04-22 06:53:31,934 - c:\users\aarc8\documents\github\mdoairb_base\framework\utilities\output     - INFO - ==== End writing aircraft results ====
2022-04-22 06:53:31,934 - c:\users\aarc8\documents\github\mdoairb_base\framework\utilities\output     - INFO - ==== Start writing klm results ====
2022-04-22 06:52022-04-22 07:50:34,929 - c:\users\aarc8\documents\github\mdoairb_base\framework\Network\network_optimization     - INFO - ==== Start network optimization module ====
2022-04-22 07:50:34,929 - c:\users\aarc8\documents\github\mdoairb_base\framework\Network\network_optimization     - INFO - ==== Start PuLP optimization ====
2022-04-22 07:55:35,061 - c:\users\aarc8\documents\github\mdoairb_base\framework\Network\network_optimization     - INFO - ==== Start PuLP optimization ====
2022-04-22 07:55:35,102 - c:\users\aarc8\documents\github\mdoairb_base\framework\Network\network_optimization     - INFO - Network optimization status: Optimal
2022-04-22 07:55:35,122 - c:\users\aarc8\documents\github\mdoairb_base\framework\Network\network_optimization     - INFO - ==== End network optimization module ====
2022-04-22 06:48:31,695 - c:\users\aarc8\documents\github\mdoairb_base\framework\Network\network_optimization     - INFO - ==== Start network optimization module ====
2022-04-22 06:48:31,711 - c:\users\aarc8\documents\github\mdoairb_base\framework\Network\network_optimization     - INFO - ==== Start PuLP optimization ====
2022-04-22 06:53:31,839 - c:\users\aarc8\documents\github\mdoairb_base\framework\Network\network_optimization     - INFO - ==== Start PuLP optimization ====
2022-04-22 06:53:31,878 - c:\users\aarc8\documents\github\mdoairb_base\framework\Network\network_optimization     - INFO - Network optimization status: Optimal
2022-04-22 06:53:31,908 - c:\users\aarc8\documents\github\mdoairb_base\framework\Network\network_optimization     - INFO - ==== End network optimization module ====
316 - c:\users\aarc8\documents\github\mdoairb_base\framework\Sizing\Geometry\wetted_area     - INFO - ---- End wetted area module ----
\aarc8\documents\github\mdoairb_base\framework\Noise\Noise_Smith\noise_calculation     - INFO - Noise check execution time: 0:02:04.349681
2022-04-22 05:26:29,939 - c:\users\aarc8\documents\github\mdoairb_base\framework\Noise\Noise_Smith\noise_calculation     - INFO - ---- End aircraft noise module ----
2022-04-22 05:04:37,434 - c:\users\aarc8\documents\github\mdoairb_base\framework\Noise\Noise_Smith\noise_calculation     - INFO - ---- Start aircraft noise module ----
2022-04-22 05:06:51,244 - c:\users\aarc8\documents\github\mdoairb_base\framework\Noise\Noise_Smith\noise_calculation     - INFO - Noise check execution time: 0:02:13.809768
2022-04-22 05:06:51,244 - c:\users\aarc8\documents\github\mdoairb_base\framework\Noise\Noise_Smith\noise_calculation     - INFO - ---- End aircraft noise module ----
4-22 04:58:43,842 - c:\users\aarc8\documents\gi2022-04-22 05:49:57,798 - c:\users\aarc8\documents\github\mdoairb_base\framework\Sizing\airplane_sizing_check     - INFO - ---- Start aircraft sizing module ----
2022-04-22 05:49:57,801 - c:\users\aarc8\documents\github\mdoairb_base\framework\Sizing\airplane_sizing_check     - INFO - Current individual vairables: [144.46711668971983, 75.97168470556517, 47.28736923907816, 27.5477153327583, -1.7907201215991209, 39.480834312976214, 202.0086530711429, 4.4665768511134045, 1673.0572935668883, 6.871893928435711]
2022-04-22 05:50:02,259 - c:\users\aarc8\documents\github\mdoairb_base\framework\Sizing\airplane_sizing_check     - INFO - ---- Start sizing loop for tail sizing ----
2022-04-22 05:50:57,899 - c:\users\aarc8\documents\github\mdoairb_base\framework\Sizing\airplane_sizing_check     - INFO - ---- End sizing loop for tail sizing ----
2022-04-22 05:52:52,084 - c:\users\aarc8\documents\github\mdoairb_base\framework\Sizing\airplane_sizing_check     - INFO - Aircraft flags: [1, 0, 0, 0, 0, 0, 0]
2022-04-22 05:52:52,084 - c:\users\aarc8\documents\github\mdoairb_base\framework\Sizing\airplane_sizing_check     - INFO - Aircraft status (pass = 0, no pass =1): 1
2022-04-22 05:52:52,085 - c:\users\aarc8\documents\github\mdoairb_base\framework\Sizing\airplane_sizing_check     - INFO - ---- End aircraft sizing module ----
2022-04-22 05:52:52,088 - c:\users\aarc8\documents\github\mdoairb_base\framework\Sizing\airplane_sizing_check     - INFO - ---- Start aircraft sizing module ----
2022-04-22 05:52:52,091 - c:\users\aarc8\documents\github\mdoairb_base\framework\Sizing\airplane_sizing_check     - INFO - Current individual vairables: 2022-04-22 06:43:45,862 - c:\users\aarc8\documents\github\mdoairb_base\framework\Noise\Noise_Smith\noise_calculation     - INFO - ---- Start aircraft noise module ----
2022-04-22 06:45:39,466 - c:\users\aarc8\documents\github\mdoairb_base\framework\Noise\Noise_Smith\noise_calculation     - INFO - Noise check execution time: 0:01:53.604537
2022-04-22 06:45:39,466 - c:\users\aarc8\documents\github\mdoairb_base\framework\Noise\Noise_Smith\noise_calculation     - INFO - ---- End aircraft noise module ----
 for tail sizing ----
2022-04-22 05:56:11,419 - c:\users\aarc8\documents\github\mdoairb_base\framework\Sizing\airplane_sizing_check     - INFO - Aircraft flags: [1, 0, 0, 0, 0, 0, 0]
2022-04-22 05:56:11,419 - c:\users\aarc8\documents\github\mdoairb_base\framework\Sizing\airplane_sizing_check     - INFO - Aircraft status (pass = 0, no pass =1): 1
2022-04-22 052022-04-22 06:42:21,139 - c:\users\aarc8\documents\github\mdoairb_base\framework\Sizing\Geometry\wetted_area     - INFO - ---- Start wetted area module ----
2022-04-22 06:42:24,622 - c:\users\aarc8\documents\github\mdoairb_base\framework\Sizing\Geometry\wetted_area     - INFO - Individual wetted area [m2]: 1312.4481981145202
2022-04-22 06:42:24,622 - c:\users\aarc8\documents\github\mdoairb_base\framework\Sizing\Geometry\wetted_area     - INFO - ---- End wetted area module ----
1.63379934879694, 49.39185269319151, 25.789336386825756, -1.0406263572935366, 30.166049761028226, 173.95226485651875, 5.2934672285443725, 2214.553168655203, 29.59477490706392]
2022-04-22 05:56:15,839 - c:\users\aarc8\documents\github\mdoairb_base\framework\Sizing\airplane_sizing_check     - INFO - ---- Start sizing loop for tail sizing ----
2022-04-22 05:57:35,357 - c:\users\aarc8\documents\github\mdoairb_base\framework\Sizing\airplane_sizing_check     - INFO - ---- End sizing loop for tail sizing ----
2022-04-22 05:59:55,376 - c:\users\aarc8\documents\github\mdoairb_base\framework\Sizing\airplane_sizing_check     - INFO - Aircraft flags: [0, 0, 0, 0, 0, 0, 0]
2022-04-22 05:59:55,376 - c:\users\aarc8\documents\github\mdoairb_base\framework\Sizing\airplane_sizing_check     - INFO - Aircraft status (pass = 0, no pass =1): 0
2022-04-22 05:59:55,376 - c:\users\aarc8\documents\github\mdoairb_base\framework\Sizing\airplane_sizing_check     - INFO - ---- End aircraft sizing module ----
022-04-22 03:02:14,688 - c:\users\aarc8\documents\github\mdoairb_base\framework\Sizing\airplane_sizing_check     - INFO - ---- Start aircraft sizing module ----
2022-04-22 03:02:14,691 - c:\users\aarc8\documents\github\mdoairb_base\framework\Sizing\airplane_sizing_check     - INFO - Current individual vairables: [152.75797708317958, 94.84181085448321, 48.37898333988565, 30.80357822701375, -3.668721938556203, 32.958827671435614, 216.21590278256792, 5.888509783582101, 2699.307505627291, 15.922666248777514]
2022-04-22 03:02:21,031 - c:\users\aarc8\documents\github\mdoairb_base\framework\Sizing\airplane_sizing_check     - INFO - ---- Start sizing loop for tail sizing ----
2022-04-22 03:05:22,799 - c:\users\aarc8\documents\github\mdoairb_base\framework\Sizing\airplane_sizing_check     - INFO - ---- End sizing loop for tail sizing ----
2022-2022-04-22 03:39:59,238 - c:\users\aarc8\documents\github\mdoairb_base\framework\Sizing\airplane_sizing_check     - INFO - ---- Start aircraft sizing module ----
2022-04-22 03:39:59,241 - c:\users\aarc8\documents\github\mdoairb_base\framework\Sizing\airplane_sizing_check     - INFO - Current individual vairables: [219.64361620798684, 112.42234078579062, 22.430931576955164, 33.343139111987824, -2.228820502952627, 34.81786679173045, 163.43639814104574, 4.592323911644464, 3174.4813428646794, 2.592553547613281]
2022-04-22 03:40:05,480 - c:\users\aarc8\documents\github\mdoairb_base\framework\Sizing\airplane_sizing_check     - INFO - ---- Start sizing loop for tail sizing ----
2022-04-22 03:42:46,613 - c:\users\aarc8\documents\github\mdoairb_base\framework\Sizing\airplane_sizing_check     - INFO - ---- End sizing loop for tail sizing ----
2022-04-22 03:45:54,209 - c:\users\aarc8\documents\github\mdoairb_base\framework\Sizing\airplane_sizing_check     - INFO - Aircraft flags: [0, 0, 0, 0, 0, 0, 0]
2022-04-22 03:45:54,209 - c:\users\aarc8\documen2022-04-22 05:08:03,242 - c:\users\aarc8\documents\github\mdoairb_base\framework\Sizing\Geometry\wetted_area     - INFO - ---- Start wetted area module ----
2022-04-22 05:08:08,259 - c:\users\aarc8\documents\github\mdoairb_base\framework\Sizing\Geometry\wetted_area     - INFO -2022-04-22 05:36:17,573 - c:\users\aarc8\documents\github\mdoairb_base\framework\Sizing\airplane_sizing_check     - INFO - ---- Start aircraft sizing module ----
2022-04-22 05:36:17,573 - c:\users\aarc8\documents\github\mdoairb_base\framework\Sizing\airplane_sizing_check     - INFO - Current individual vairables: [120.40955814085969, 81.28761014371523, 25.93417038202813, 26.10218816669633, -0.19924068234905157, 31.74321216953625, 212.0713547322372, 4.258689894763262, 2312.680066856683, 10.35341202740959]
2022-04-22 05:36:22,139 - c:\users\aarc8\documents\github\mdoairb_base\framework\Sizing\airplane_sizing_check     - INFO - ---- Start sizing loop for tail sizing ----
2022-04-22 05:38:06,289 - c:\users\aarc8\documents\github\mdoairb_base\framework\Sizing\airplane_sizing_check     - INFO - ---- End sizing loop for tail sizing ----
2022-04-22 05:39:53,561 - c:\users\aarc8\documents\github\mdoairb_base\framework\Sizing\airplane_sizing_check     - INFO - Aircraft flags: [1, 0, 0, 0, 0, 0, 0]
2022-04-22 05:39:53,561 - c:\users\aarc8\documents\github\mdoairb_base\framework\Sizing\airplane_sizing_check     - INFO - Aircraft status (pass = 0, no pass =1): 1
2022-04-22 05:39:53,562 - c:\users\aarc8\documents\github\mdoairb_base\framework\Sizing\airplane_sizing_check     - INFO - ---- End aircraft sizing module ----
2022-04-22 05:39:53,565 - c:\users\aarc8\documents\github\mdoairb_base\framework\Sizing\airplane_sizing_check     - INFO - ---- Start aircraft sizing module ----
2022-04-22 05:39:53,567 - c:\users\aarc8\documents\github\mdoairb_base\framework\Sizing\airplane_sizing_check     - INFO - Current individual vairables: [244.929715721836, 117.07925673240085, 26.645388600198952, 31.982915905919143, -1.5435044756001162, 39.063472529054394, 196.9951160996828, 5.714493398934161, 2126.977094278531, 0.480903960142702]
2022-04-22 05:39:58,363 - c:\users\aarc8\documents\github\mdoairb_base\framework\Sizing\airplane_sizing_check     - INFO - ---- Start sizing loop for tail sizing ----
2022-04-22 05:41:43,539 - c:\users\aarc8\documents\github\mdoairb_base\framework\Sizing\airplane_sizing_check     - INFO - ---- End sizing loop for tail sizing ----
2022-04-22 05:43:53,389 - c:\users\aarc8\documents\github\mdoairb_base\framework\Sizing\airplane_sizing_check     - INFO - Aircraft flags: [0, 0, 0, 0, 0, 0, 0]
2022-04-22 05:43:53,389 - c:\users\aarc8\documents\github\mdoairb_base\framework\Sizing\airplane_sizing_check     - INFO - Aircraft status (pass = 0, no pass =1): 0
2022-04-22 05:43:53,389 - c:\users\aarc8\documents\github\mdoairb_base\framework\Sizing\airplane_sizing_check     - INFO - ---- End aircraft sizing module ----
-04-22 05:26:29,939 - c:\users\aarc8\documents\github\mdoairb_base\framework\Sizing\airplane_sizing_check     - INFO - Aircraft flags: [1, 0, 0, 0, 0, 0, 0]
2022-04-22 05:26:29,939 - c:\users\aarc8\documents\github\mdoairb_base\framework\Sizing\airplane_sizing_check     - INFO - Aircraft status (pass = 0, no pass =1): 1
2022-04-22 05:26:29,939 - c:\users\aarc8\documents\github\mdoairb_base\framework\Sizing\airplane_sizing_check     - INFO - ---- End aircraft sizing module ----
status (pass = 0, no pass =1): 0
2022-04-22 02:59:54,334 - c:\users\aarc8\documents\github\mdoairb_base\framework\Sizing\airplane_sizing_check     - INFO - ---- End aircraft sizing module ----
2022-04-22 04:58:38,284 - c:\users\aarc8\documents\github\mdoairb_base\framework\Sizing\airplane_sizing_check     - INFO - ---- Start aircraft sizing module ----
2022-04-22 04:58:38,286 - c:\users\aarc8\documents\github\mdoairb_base\framework\Sizing\airplane_sizing_check     - INFO - Current individual vairables: [266.42652948176703, 113.82124358341781, 35.88376119670426, 28.032927745493893, -1.2011102931738988, 30.859533742483485, 181.31211441977123, 4.392736130047276, 2435.4667575735048, 16.61198662865836]
2022-04-22 04:58:43,906 - c:\users\aarc8\documents\github\mdoairb_base\framework\Sizing\airplane_sizing_check     - INFO - ---- Start sizing loop for tail sizing ----
2022-04-22 04:59:23,873 - c:\users\aarc8\documents\github\mdoairb_base\framework\Sizing\airplane_sizing_check     - INFO - ---- End sizing loop for tail sizing ----
2022-04-22 05:02:18,525 - c:\users\aarc8\documents\github\mdoairb_base\framework\Sizing\airplane_sizing_check     - INFO - Aircraft flags: [0, 1, 0, 0, 0, 0, 0]
2022-04-22 05:02:18,525 - c:\users\aarc8\documents\github\mdoairb_base\framework\Sizing\airplane_sizing_check     - INFO - Aircraft status (pass = 0, no pass =1): 1
2022-04-22 05:02:18,526 - c:\users\aarc8\documents\github\mdoairb_base\framework\Sizing\airplane_sizing_check     - INFO - ---- End aircraft sizing module ----
2022-04-22 05:02:18,529 - c:\users\aarc8\documents\github\mdoairb_base\framework\Sizing\airplane_sizing_check     - INFO - ---- Start aircraft sizing module ----
2022-04-22 05:02:18,532 - c:\users\aarc8\documents\github\mdoairb_base\framework\Sizing\airplane_sizing_check     - INFO - Current individual vairables: [282.4613140385686, 111.88473816507614, 39.61573434674443, 27.466014751593598, -2.9925957844490507, 42.82487485953632, 207.62241363781652, 5.970016666441064, 3141.03884841131, 36.72967609516323]
2022-04-22 05:02:24,094 - c:\users\aarc8\documents\github\mdoairb_base\framework\Sizing\airplane_sizing_check     - INFO - ---- Start sizing loop for tail sizing ----
2022-04-22 05:02:27,386 - c:\users\aarc8\documents\github\mdoairb_base\framework\Sizing\airplane_sizing_check     - INFO - ---- End sizing loop for tail sizing ----
2022-04-22 05:02:27,398 - c:\users\aarc8\documents\github\mdoairb_base\framework\Sizing\airplane_sizing_check     - INFO - ---- Start aircraft sizing module ----
2022-04-22 05:02:27,401 - c:\users\aarc8\documents\github\mdoairb_base\framework\Sizing\airplane_sizing_check     - INFO - Current individu2022-04-22 05:44:57,509 - c:\Users\aarc8\Documents\github\MDOAirB_base\framework\Test\DOE_family_aircraft     - INFO - ---- End DOC matrix calculation ----
2022-04-22 05:44:57,509 - c:\Users\aarc8\Documents\github\MDOAirB_base\framework\Test\DOE_family_aircraft     - INFO - Aircraft DOC matrix: {'FRA': {'FRA': 0, 'LHR': 9892, 'CDG': 7614, 'AMS': 6770, 'MAD': 18442, 'BCN': 14768, 'FCO': 13168, 'DUB': 14684, 'VIE': 9582, 'ZRH': 5982, 'ARN': 16072, 'DME': 25267, 'HEL': 19490, 'IST': 23224, 'KBP': 20019}, 'LHR': {'FRA': 9954, 'LHR': 0, 'CDG': 6672, 'AMS': 6915, 'MAD': 16483, 'BCN': 15249, 'FCO': 18450, 'DUB': 7742, 'VIE': 16572, 'ZRH': 11236, 'ARN': 18745, 'DME': 31089, 'HEL': 23041, 'IST': 30857, 'KBP': 26811}, 'CDG': {'FRA': 7732, 'LHR': 6619, 'CDG': 0, 'AMS': 7126, 'MAD': 14433, 'BCN': 12127, 'FCO': 14702, 'DUB': 11294, 'VIE': 14022, 'ZRH': 8031, 'ARN': 19570, 'DME': 0, 'HEL': 23490, 'IST': 27469, 'KBP': 25088}, 'AMS': {'FRA': 6897, 'LHR': 6951, 'CDG': 7159, 'AMS': 0, 'MAD': 18893, 'BCN': 16340, 'FCO': 16907, 'DUB': 10942, 'VIE': 13198, 'ZRH': 9321, 'ARN': 15299, 'DME': 26951, 'HEL': 19312, 'IST': 27310, 'KBP': 22735}, 'MAD': {'FRA': 18143, 'LHR': 16365, 'CDG': 14192, 'AMS': 18560, 'MAD': 0, 'BCN': 8037, 'FCO': 17195, 'DUB': 18650, 'VIE': 22516, 'ZRH': 16117, 'ARN': 31729, 'DME': 0, 'HEL': 10000000000.0, 'IST': 33059, 'KBP': 10000000000.0}, 'BCN': {'FRA': 14654, 'LHR': 15338, 'CDG': 12098, 'AMS': 16292, 'MAD': 8041, 'BCN': 0, 'FCO': 11962, 'DUB': 19170, 'VIE': 17614, 'ZRH': 12058, 'ARN': 28500, 'DME': 10000000000.0, 'HEL': 32158, 'IST': 27672, 'KBP': 29772}, 'FCO': {'FRA': 13199, 'LHR': 18701, 'CDG': 14842, 'AMS': 17060, 'MAD': 17446, 'BCN': 11994, 'FCO': 0, 'DUB': 23758, 'VIE': 11225, 'ZRH': 10342, 'ARN': 25041, 'DME': 29454, 'HEL': 27694, 'IST': 17844, 'KBP': 21559}, 'DUB': {'FRA': 14560, 'LHR': 7716, 'CDG': 11277, 'AMS': 10894, 'MAD': 18639, 'BCN': 18908, 'FCO': 23508, 'DUB': 0, 'VIE': 21421, 'ZRH': 16241, 'ARN': 20428, 'DME': 0, 'HEL': 25090, 'IST': 10000000000.0, 'KBP': 31084}, 'VIE': {'FRA': 9517, 'LHR': 16802, 'CDG': 14093, 'AMS': 13349, 'MAD': 22832, 'BCN': 17848, 'FCO': 11238, 'DUB': 21616, 'VIE': 0, 'ZRH': 9336, 'ARN': 16791, 'DME': 20999, 'HEL': 18692, 'IST': 16373, 'KBP': 14321}, 'ZRH': {'FRA': 5965, 'LHR': 11328, 'CDG': 7995, 'AMS': 9313, 'MAD': 16402, 'BCN': 12041, 'FCO': 10190, 'DUB': 16306, 'VIE': 9222, 'ZRH': 0, 'ARN': 18884, 'DME': 27010, 'HEL': 22422, 'IST': 22235, 'KBP': 20782}, 'ARN': {'FRA': 16122, 'LHR': 18811, 'CDG': 19684, 'AMS': 15435, 'MAD': 32055, 'BCN': 28723, 'FCO': 25307, 'DUB': 20672, 'VIE': 16958, 'ZRH': 19088, 'ARN': 0, 'DME': 0, 'HEL': 7132, 'IST': 27325, 'KBP': 17179}, 'DME': {'FRA': 25574, 'LHR': 31462, 'CDG': 0, 'AMS': 27197, 'MAD': 0, 'BCN': 10000000000.0, 'FCO': 29513, 'DUB': 0, 'VIE': 21289, 'ZRH': 27377, 'ARN': 0, 'DME': 0, 'HEL': 0, 'IST': 22000, 'KBP': 0}, 'HEL': {'FRA': 19757, 'LHR': 23318, 'CDG': 23888, 'AMS': 19580, 'MAD': 10000000000.0, 'BCN': 32377, 'FCO': 27774, 'DUB': 25303, 'VIE': 18873, 'ZRH': 22487, 'ARN': 7171, 'DME': 0, 'HEL': 0, 'IST': 26594, 'KBP': 15496}, 'IST': {'FRA': 23506, 'LHR': 30954, 'CDG': 27862, 'AMS': 27384, 'MAD': 33478, 'BCN': 27662, 'FCO': 17996, 'DUB': 10000000000.0, 'VIE': 16441, 'ZRH': 22315, 'ARN': 27384, 'DME': 21783, 'HEL': 26924, 'IST': 0, 'KBP': 14191}, 'KBP': {'FRA': 20298, 'LHR': 27103, 'CDG': 25414, 'AMS': 22968, 'MAD': 10000000000.0, 'BCN': 30011, 'FCO': 21767, 'DUB': 31324, 'VIE': 14452, 'ZRH': 21159, 'ARN': 17337, 'DME': 0, 'HEL': 15614, 'IST': 14317, 'KBP': 0}}
2022-04-22 05:44:57,509 - c:\Users\aarc8\Documents\github\MDOAirB_base\framework\Test\DOE_family_aircraft     - INFO - ---- Start Network Optimization ----
2022-04-22 05:49:57,753 - c:\Users\aarc8\Documents\github\MDOAirB_base\framework\Test\DOE_family_aircraft     - INFO - Network profit [$USD]: -36001455933
2022-04-22 05:49:57,797 - c:\Users\aarc8\Documents\github\MDOAirB_base\framework\Test\DOE_family_aircraft     - INFO - Network profit excecution time: 3:24:00.665959
2022-04-22 05:49:57,797 - c:\Users\aarc8\Documents\github\MDOAirB_base\framework\Test\DOE_family_aircraft     - INFO - ==== End network profit module ====
2022-04-22 05:49:57,798 - c:\Users\aarc8\Documents\github\MDOAirB_base\framework\Test\DOE_family_aircraft     - INFO - ==== Start network profit module ====
2022-04-22 05:52:52,086 - c:\Users\aarc8\Documents\github\MDOAirB_base\framework\Test\DOE_family_aircraft     - INFO - Aircraft did not pass sizing and checks, profit: 0
2022-04-22 05:52:52,087 - c:\Users\aarc8\Documents\github\MDOAirB_base\framework\Test\DOE_family_aircraft     - INFO - Network profit excecution time: 0:02:54.288877
2022-04-22 05:52:52,087 - c:\Users\aarc8\Documents\github\MDOAirB_base\framework\Test\DOE_family_aircraft     - INFO - ==== End network profit module ====
2022-04-22 05:52:52,087 - c:\Users\aarc8\Documents\github\MDOAirB_base\framework\Test\DOE_family_aircraft     - INFO - ==== Start network profit module ====
2022-04-22 05:56:11,419 - c:\Users\aarc8\Documents\github\MDOAirB_base\f2022-04-22 06:42:20,966 - c:\users\aarc8\documents\github\mdoairb_base\framework\Sizing\airplane_sizing_check     - INFO - ---- Start aircraft sizing module ----
2022-04-22 06:42:20,982 - c:\users\aarc8\documents\github\mdoairb_base\framework\Sizing\airplane_sizing_check     - INFO - Current individual vairables: [249.3799216773291, 94.20002248628236, 34.44084157538855, 33.42037473990215, -4.784105533760472, 36.41020687686476, 205.23888136889568, 4.027619226606002, 1961.1897287666288, 1.379152514491843]
2022-04-22 06:42:24,653 - c:\users\aarc8\documents\github\mdoairb_base\framework\Sizing\airplane_sizing_check     - INFO - ---- Start sizing loop for tail sizing ----
2022-04-22 06:43:45,807 - c:\users\aarc8\documents\github\mdoairb_base\framework\Sizing\airplane_sizing_check     - INFO - ---- End sizing loop for tail sizing ----
2022-04-22 06:45:39,466 - c:\users\aarc8\documents\github\2022-04-22 07:17:57,845 - c:\Users\aarc8\Documents\github\MDOAirB_base\framework\Test\DOE_family_aircraft     - INFO - ---- End DOC matrix calculation ----
2022-04-22 07:17:57,845 - c:\Users\aarc8\Documents\github\MDOAirB_base\framework\Test\DOE_family_aircraft     - INFO - Aircraft DOC matrix: {'FRA': {'FRA': 0, 'LHR': 9919, 'CDG': 7848, 'AMS': 6997, 'MAD': 18094, 'BCN': 14537, 'FCO': 13027, 'DUB': 14457, 'VIE': 9503, 'ZRH': 6024, 'ARN': 15966, 'DME': 24952, 'HEL': 19191, 'IST': 22700, 'KBP': 19856}, 'LHR': {'FRA': 9883, 'LHR': 0, 'CDG': 6786, 'AMS': 7093, 'MAD': 16193, 'BCN': 15015, 'FCO': 18165, 'DUB': 7869, 'VIE': 16549, 'ZRH': 11199, 'ARN': 18367, 'DME': 30808, 'HEL': 22538, 'IST': 30441, 'KBP': 26452}, 'CDG': {'FRA': 7811, 'LHR': 6813, 'CDG': 0, 'AMS': 7290, 'MAD': 14213, 'BCN': 12060, 'FCO': 14487, 'DUB': 11282, 'VIE': 13792, 'ZRH': 8065, 'ARN': 19210, 'DME': 0, 'HEL': 23055, 'IST': 27195, 'KBP': 24763}, 'AMS': {'FRA': 7055, 'LHR': 7111, 'CDG': 7391, 'AMS': 0, 'MAD': 18466, 'BCN': 16137, 'FCO': 16621, 'DUB': 10898, 'VIE': 13070, 'ZRH': 9348, 'ARN': 15061, 'DME': 26369, 'HEL': 19026, 'IST': 26732, 'KBP': 22310}, 'MAD': {'FRA': 17930, 'LHR': 16035, 'CDG': 14048, 'AMS': 18359, 'MAD': 0, 'BCN': 8071, 'FCO': 16935, 'DUB': 18324, 'VIE': 22247, 'ZRH': 15978, 'ARN': 31435, 'DME': 0, 'HEL': 35526, 'IST': 32745, 'KBP': 34626}, 'BCN': {'FRA': 14449, 'LHR': 15138, 'CDG': 11940, 'AMS': 16171, 'MAD': 8069, 'BCN': 0, 'FCO': 11803, 'DUB': 18726, 'VIE': 17359, 'ZRH': 11899, 'ARN': 28043, 'DME': 36537, 'HEL': 31719, 'IST': 26981, 'KBP': 29376}, 'FCO': {'FRA': 13086, 'LHR': 18283, 'CDG': 14621, 'AMS': 16675, 'MAD': 17036, 'BCN': 11907, 'FCO': 0, 'DUB': 23115, 'VIE': 11103, 'ZRH': 10326, 'ARN': 24599, 'DME': 29034, 'HEL': 27003, 'IST': 17501, 'KBP': 21362}, 'DUB': {'FRA': 14354, 'LHR': 7830, 'CDG': 11152, 'AMS': 10847, 'MAD': 18259, 'BCN': 18604, 'FCO': 22958, 'DUB': 0, 'VIE': 20834, 'ZRH': 16137, 'ARN': 20313, 'DME': 0, 'HEL': 24474, 'IST': 35569, 'KBP': 30727}, 'VIE': {'FRA': 9559, 'LHR': 16406, 'CDG': 13926, 'AMS': 13113, 'MAD': 22266, 'BCN': 17449, 'FCO': 11212, 'DUB': 21119, 'VIE': 0, 'ZRH': 9391, 'ARN': 16492, 'DME': 20616, 'HEL': 18419, 'IST': 16167, 'KBP': 14201}, 'ZRH': {'FRA': 6065, 'LHR': 11264, 'CDG': 7935, 'AMS': 9363, 'MAD': 16109, 'BCN': 11983, 'FCO': 10227, 'DUB': 16068, 'VIE': 9289, 'ZRH': 0, 'ARN': 18773, 'DME': 26706, 'HEL': 21855, 'IST': 21708, 'KBP': 20657}, 'ARN': {'FRA': 15932, 'LHR': 18483, 'CDG': 19308, 'AMS': 15174, 'MAD': 31250, 'BCN': 27927, 'FCO': 24637, 'DUB': 20241, 'VIE': 16569, 'ZRH': 18743, 'ARN': 0, 'DME': 0, 'HEL': 7309, 'IST': 26723, 'KBP': 17044}, 'DME': {'FRA': 24881, 'LHR': 30535, 'CDG': 0, 'AMS': 26356, 'MAD': 0, 'BCN': 36155, 'FCO': 28811, 'DUB': 0, 'VIE': 20714, 'ZRH': 26565, 'ARN': 0, 'DME': 0, 'HEL': 0, 'IST': 21509, 'KBP': 0}, 'HEL': {'FRA': 19286, 'LHR': 22697, 'CDG': 23210, 'AMS': 19098, 'MAD': 35153, 'BCN': 31541, 'FCO': 27003, 'DUB': 24635, 'VIE': 18495, 'ZRH': 21980, 'ARN': 7383, 'DME': 0, 'HEL': 0, 'IST': 26234, 'KBP': 15250}, 'IST': {'FRA': 22855, 'LHR': 30173, 'CDG': 27065, 'AMS': 26767, 'MAD': 32527, 'BCN': 27024, 'FCO': 17672, 'DUB': 35159, 'VIE': 16203, 'ZRH': 21749, 'ARN': 26767, 'DME': 21441, 'HEL': 26244, 'IST': 0, 'KBP': 13994}, 'KBP': {'FRA': 19782, 'LHR': 26494, 'CDG': 24725, 'AMS': 22424, 'MAD': 34317, 'BCN': 29213, 'FCO': 21253, 'DUB': 30531, 'VIE': 14246, 'ZRH': 20586, 'ARN': 16961, 'DME': 0, 'HEL': 15285, 'IST': 14107, 'KBP': 0}}
2022-04-22 07:17:57,847 - c:\Users\aarc8\Documents\github\MDOAirB_base\framework\Test\DOE_family_aircraft     - INFO - ---- Start Network Optimization ----
2022-04-22 07:22:58,084 - c:\Users\aarc8\Documents\github\MDOAirB_base\framework\Test\DOE_family_aircraft     - INFO - Network profit [$USD]: -931111
2022-04-22 07:22:58,116 - c:\Users\aarc8\Documents\github\MDOAirB_base\framework\Test\DOE_family_aircraft     - INFO - Network profit excecution time: 1:26:46.697060
2022-04-22 07:22:58,116 - c:\Users\aarc8\Documents\github\MDOAirB_base\framework\Test\DOE_family_aircraft     - INFO - ==== End network profit module ====
: 6635, 'LHR': 6685, 'CDG': 6930, 'AMS': 0, 'MAD': 17366, 'BCN': 15147, 'FCO': 15871, 'DUB': 10230, 'VIE': 12371, 'ZRH': 8775, 'ARN': 14368, 'DME': 24921, 'HEL': 17988, 'IST': 25265, 'KBP': 20940}, 'MAD': {'FRA': 16912, 'LHR': 15104, 'CDG': 13281, 'AMS': 17315, 'MAD': 0, 'BCN': 7645, 'FCO': 15959, 'DUB': 17271, 'VIE': 20845, 'ZRH': 15047, 'ARN': 29418, 'DME': 0, 'HEL': 33133, 'IST': 30645, 'KBP': 32308}, 'BCN': {'FRA': 13778, 'LHR': 14202, 'CDG': 11352, 'AMS': 15295, 'MAD': 7718, 'BCN': 0, 'FCO': 11222, 'DUB': 17645, 'VIE': 16641, 'ZRH': 11315, 'ARN': 26387, 'DME': 34231, 'HEL': 29883, 'IST': 25229, 'KBP': 27712}, 'FCO': {'FRA': 12322, 'LHR': 17222, 'CDG': 13713, 'AMS': 15715, 'MAD': 16057, 'BCN': 11189, 'FCO': 0, 'DUB': 21903, 'VIE': 10557, 'ZRH': 9767, 'ARN': 23317, 'DME': 27241, 'HEL': 25339, 'IST': 16614, 'KBP': 20040}, 'DUB': {'FRA': 13693, 'LHR': 7366, 'CDG': 10601, 'AMS': 10200, 'MAD': 17503, 'BCN': 17781, 'FCO': 21814, 'DUB': 0, 'VIE': 19868, 'ZRH': 15247, 'ARN': 19072, 'DME': 0, 'HEL': 23353, 'IST': 33407, 'KBP': 28860}, 'VIE': {'FRA': 9006, 'LHR': 15434, 'CDG': 13087, 'AMS': 12317, 'MAD': 21024, 'BCN': 16425, 'FCO': 10512, 'DUB': 19932, 'VIE': 0, 'ZRH': 8827, 'ARN': 15751, 'DME': 19408, 'HEL': 17548, 'IST': 15158, 'KBP': 13327}, 'ZRH': {'FRA': 5754, 'LHR': 10637, 'CDG': 7507, 'AMS': 8809, 'MAD': 15125, 'BCN': 11303, 'FCO': 9709, 'DUB': 15087, 'VIE': 8813, 'ZRH': 0, 'ARN': 17443, 'DME': 24922, 'HEL': 20519, 'IST': 20345, 'KBP': 19264}, 'ARN': {'FRA': 14952, 'LHR': 17428, 'CDG': 18202, 'AMS': 14235, 'MAD': 29547, 'BCN': 26458, 'FCO': 23385, 'DUB': 19142, 'VIE': 15615, 'ZRH': 17677, 'ARN': 0, 'DME': 0, 'HEL': 6852, 'IST': 25269, 'KBP': 16115}, 'DME': {'FRA': 23535, 'LHR': 28866, 'CDG': 0, 'AMS': 24851, 'MAD': 0, 'BCN': 34163, 'FCO': 27236, 'DUB': 0, 'VIE': 19583, 'ZRH': 25050, 'ARN': 0, 'DME': 0, 'HEL2022-04-22 06:12:43,299 - c:\Users\aarc8\Documents\github\MDOAirB_base\framework\Test\DOE_family_aircraft     - INFO - ---- End DOC matrix calculation ----
2022-04-22 06:12:43,299 - c:\Users\aarc8\Documents\github\MDOAirB_base\framework\Test\DOE_family_aircraft     - INFO - Aircraft DOC matrix: {'FRA': {'FRA': 0, 'LHR': 8572, 'CDG': 6790, 'AMS': 6042, 'MAD': 16057, 'BCN': 12836, 'FCO': 11474, 'DUB': 12764, 'VIE': 8301, 'ZRH': 5344, 'ARN': 14035, 'DME': 22198, 'HEL': 17069, 'IST': 20333, 'KBP': 17513}, 'LHR': {'FRA': 8641, 'LHR': 0, 'CDG': 5797, 'AMS': 6047, 'MAD': 14362, 'BCN': 13361, 'FCO': 16175, 'DUB': 6816, 'VIE': 14555, 'ZRH': 9899, 'ARN': 16359, 'DME': 27478, 'HEL': 20253, 'IST': 27015, 'KBP': 23845}, 'CDG': {'FRA': 6764, 'LHR': 5815, 'CDG': 0, 'AMS': 6330, 'MAD': 12547, 'BCN': 10535, 'FCO': 12845, 'DUB': 9834, 'VIE': 12217, 'ZRH': 6933, 'ARN': 17072, 'DME': 0, 'HEL': 20646, 'IST': 24222, 'KBP': 22050}, 'AMS': {'FRA': 6017, 'LHR': 6103, 'CDG': 6421, 'AMS': 0, 'MAD': 16527, 'BCN': 14255, 'FCO': 14722, 'DUB': 9586, 'VIE': 11526, 'ZRH': 8159, 'ARN': 13350, 'DME': 23771, 'HEL': 16935, 'IST': 23958, 'KBP': 19890}, 'MAD': {'FRA': 15950, 'LHR': 14217, 'CDG': 12448, 'AMS': 16336, 'MAD': 0, 'BCN': 6938, 'FCO': 15024, 'DUB': 16318, 'VIE': 19745, 'ZRH': 14162, 'ARN': 27878, 'DME': 0, 'HEL': 31595, 'IST': 29051, 'KBP': 30796}, 'BCN': {'FRA': 12810, 'LHR': 13291, 'CDG': 10533, 'AMS': 14177, 'MAD': 7067, 'BCN': 0, 'FCO': 10410, 'DUB': 16766, 'VIE': 15450, 'ZRH': 10497, 'ARN': 24944, 'DME': 32438, 'HEL': 28229, 'IST': 24191, 'KBP': 26155}, 'FCO': {'FRA': 11487, 'LHR': 16362, 'CDG': 12915, 'AMS': 14799, 'MAD': 15126, 'BCN': 10484, 'FCO': 0, 'DUB': 20784, 'VIE': 9814, 'ZRH': 9077, 'ARN': 22014, 'DME': 25788, 'HEL': 24348, 'IST': 15578, 'KBP': 18881}, 'DUB': {'FRA': 12725, 'LHR': 6789, 'CDG': 9858, 'AMS': 9525, 'MAD': 16268, 'BCN': 16718, 'FCO': 20725, 'DUB': 0, 'VIE': 18708, 'ZRH': 14189, 'ARN': 17989, 'DME': 0, 'HEL': 21951, 'IST': 31859, 'KBP': 27338}, 'VIE': {'FRA': 8272, 'LHR': 14446, 'CDG': 12063, 'AMS': 11367, 'MAD': 19901, 'BCN': 15482, 'FCO': 9773, 'DUB': 18851, 'VIE': 0, 'ZRH': 8117, 'ARN': 14661, 'DME': 18364, 'HEL': 16312, 'IST': 14298, 'KBP': 12514}, 'ZRH': {'FRA': 5274, 'LHR': 9798, 'CDG': 6900, 'AMS': 8104, 'MAD': 14136, 'BCN': 10463, 'FCO': 8963, 'DUB': 14051, 'VIE': 8105, 'ZRH': 0, 'ARN': 16540, 'DME': 23608, 'HEL': 19331, 'IST': 19164, 'KBP': 18298}, 'ARN': {'FRA': 14026, 'LHR': 1642022-04-22 06:48:31,695 - c:\Users\aarc8\Documents\github\MDOAirB_base\framework\Test\DOE_family_aircraft     - INFO - ---- End DOC matrix calculation ----
2022-04-22 06:48:31,695 - c:\Users\aarc8\Documents\github\MDOAirB_base\framework\Test\DOE_family_aircraft     - INFO - Aircraft DOC matrix: {'FRA': {'FRA': 0, 'LHR': 9631, 'CDG': 7530, 'AMS': 6706, 'MAD': 17779, 'BCN': 14245, 'FCO': 12820, 'DUB': 14163, 'VIE': 9269, 'ZRH': 5882, 'ARN': 15624, 'DME': 24382, 'HEL': 18991, 'IST': 22580, 'KBP': 19496}, 'LHR': {'FRA': 9645, 'LHR': 0, 'CDG': 6492, 'AMS': 6780, 'MAD': 15886, 'BCN': 14784, 'FCO': 17988, 'DUB': 7561, 'VIE': 16141, 'ZRH': 11042, 'ARN': 18245, 'DME': 29851, 'HEL': 22321, 'IST': 29511, 'KBP': 26043}, 'CDG': {'FRA': 7529, 'LHR': 6429, 'CDG': 0, 'AMS': 6952, 'MAD': 13928, 'BCN': 11771, 'FCO': 14309, 'DUB': 10989, 'VIE': 13616, 'ZRH': 7817, 'ARN': 19010, 'DME': 0, 'HEL': 22873, 'IST': 26476, 'KBP': 24144}, 'AMS': {'FRA': 6744, 'LHR': 6714, 'CDG': 7038, 'AMS': 0, 'MAD': 18219, 'BCN': 15827, 'FCO': 16385, 'DUB': 10580, 'VIE': 12853, 'ZRH': 9104, 'ARN': 14714, 'DME': 25969, 'HEL': 18827, 'IST': 26317, 'KBP': 22100}, 'MAD': {'FRA': 17736, 'LHR': 15826, 'CDG': 13831, 'AMS': 18109, 'MAD': 0, 'BCN': 7842, 'FCO': 16729, 'DUB': 18066, 'VIE': 21885, 'ZRH': 15646, 'ARN': 30421, 'DME': 0, 'HEL': 34420, 'IST': 31762, 'KBP': 33569}, 'BCN': {'FRA': 14210, 'LHR': 14833, 'CDG': 11789, 'AMS': 15661, 'MAD': 7899, 'BCN': 0, 'FCO': 11652, 'DUB': 18478, 'VIE': 17242, 'ZRH': 11750, 'ARN': 27400, 'DME': 35247, 'HEL': 30793, 'IST': 26448, 'KBP': 28711}, 'FCO': {'FRA': 12826, 'LHR': 18037, 'CDG': 14318, 'AMS': 16430, 'MAD': 16788, 'BCN': 11647, 'FCO': 0, 'DUB': 22901, 'VIE': 10947, 'ZRH': 10051, 'ARN': 24186, 'DME': 28185, 'HEL': 26469, 'IST': 17380, 'KBP': 20880}, 'DUB': {'FRA': 14176, 'LHR': 7554, 'CDG': 10998, 'AMS': 10627, 'MAD': 18143, 'BCN': 18434, 'FCO': 22838, 'DUB': 0, 'VIE': 20801, 'ZRH': 15789, 'ARN': 19947, 'DME': 0, 'HEL': 24222, 'IST': 34358, 'KBP': 29995}, 'VIE': {'FRA': 9265, 'LHR': 16166, 'CDG': 13628, 'AMS': 12832, 'MAD': 21924, 'BCN': 17209, 'FCO': 10922, 'DUB': 20783, 'VIE': 0, 'ZRH': 9093, 'ARN': 16316, 'DME': 20422, 'HEL': 18139, 'IST': 15915, 'KBP': 13945}, 'ZRH': {'FRA': 5781, 'LHR': 11021, 'CDG': 7767, 'AMS': 9054, 'MAD': 15778, 'BCN': 11692, 'FCO': 9978, 'DUB': 15738, 'VIE': 9043, 'ZRH': 0, 'ARN': 18412, 'DME': 26187, 'HEL': 21597, 'IST': 21416, 'KBP': 20276}, 'ARN': {'FRA': 15619, 'LHR': 18234, 'CDG': 19065, 'AMS': 14868, 'MAD': 30718, 'BCN': 27470, 'FCO': 24267, 'DUB': 19999, 'VIE': 16323, 'ZRH': 18497, 'ARN': 0, 'DME': 0, 'HEL': 6994, 'IST': 26300, 'KBP': 16456}, 'DME': {'FRA': 24519, 'LHR': 30049, 'CDG': 0, 'AMS': 25918, 'MAD': 0, 'BCN': 35615, 'FCO': 28411, 'DUB': 0, 'VIE': 20418, 'ZRH': 26126, 'ARN': 0, 'DME': 0, 'HEL': 0, 'IST': 21171, 'KBP': 0}, 'HEL': {'FRA': 19040, 'LHR': 22395, 'CDG': 22922, 'AMS': 18858, 'MAD': 34612, 'BCN': 31014, 'FCO': 26582, 'DUB': 24265, 'VIE': 18192, 'ZRH': 21633, 'ARN': 7022, 'DME': 0, 'HEL': 0, 'IST': 25787, 'KBP': 15019}, 'IST': {'FRA': 22553, 'LHR': 29701, 'CDG': 26570, 'AMS': 26339, 'MAD': 31932, 'BCN': 26589, 'FCO': 17360, 'DUB': 34637, 'VIE': 15914, 'ZRH': 21445, 'ARN': 26339, 'DME': 21188, 'HEL': 25866, 'IST': 0, 'KBP': 13816}, 'KBP': {'FRA': 19541, 'LHR': 26038, 'CDG': 24360, 'AMS': 22075, 'MAD': 33763, 'BCN': 28814, 'FCO': 20952, 'DUB': 30055, 'VIE': 13946, 'ZRH': 20302, 'ARN': 16673, 'DME': 0, 'HEL': 15056, 'IST': 13808, 'KBP': 0}}
2022-04-22 06:48:31,695 - c:\Users\aarc8\Documents\github\MDOAirB_base\framework\Test\DOE_family_aircraft     - INFO - ---- Start Network Optimization ----
2022-04-22 06:53:31,909 - c:\Users\aarc8\Documents\github\MDOAirB_base\framework\Test\DOE_family_aircraft     - INFO - Network profit [$USD]: -255519
2022-04-22 06:53:31,945 - c:\Users\aarc8\Documents\github\MDOAirB_base\framework\Test\DOE_family_aircraft     - INFO - Network profit excecution time: 1:13:38.381458
2022-04-22 06:53:31,946 - c:\Users\aarc8\Documents\github\MDOAirB_base\framework\Test\DOE_family_aircraft     - INFO - ==== End network profit module ====
19215, 'ZRH': 12857, 'ARN': 21703, 'DME': 36122, 'HEL': 26722, 'IST': 35700, 'KBP': 30941}, 'CDG': {'FRA': 8722, 'LHR': 7625, 'CDG': 0, 'AMS': 8180, 'MAD': 16276, 'BCN': 13763, 'FCO': 16720, 'DUB': 12851, 'VIE': 15915, 'ZRH': 9106, 'ARN': 22714, 'DME': 0, 'HEL': 27330, 'IST': 31601, 'KBP': 29195}, 'AMS': {'FRA': 7831, 'LHR': 7904, 'CDG': 8133, 'AMS': 0, 'MAD': 21328, 'BCN': 18630, 'FCO': 19470, 'DUB': 12416, 'VIE': 15141, 'ZRH': 10581, 'ARN': 17587, 'DME': 30763, 'HEL': 22217, 'IST': 31273, 'KBP': 26018}, 'MAD': {'FRA': 21078, 'LHR': 18590, 'CDG': 16460, 'AMS': 21586, 'MAD': 0, 'BCN': 9117, 'FCO': 19920, 'DUB': 21216, 'VIE': 26206, 'ZRH': 18751, 'ARN': 36762, 'DME': 0, 'HEL': 41597, 'IST': 38353, 'KBP': 40526}, 'BCN': {'FRA': 16842, 'LHR': 17414, 'CDG': 13710, 'AMS': 18849, 'MAD': 9140, 'BCN': 0, 'FCO': 13570, 'DUB': 21783, 'VIE': 20554, 'ZRH': 13666, 'ARN': 32724, 'DME': 42887, 'HEL': 37358, 'IST': 31804, 'KBP': 34529}, 'FCO': {'FRA': 14954, 'LHR': 21168, 'CDG': 16796, 'AMS': 19257, 'MAD': 19774, 'BCN': 13674, 'FCO': 0, 'DUB': 27107, 'VIE': 12706, 'ZRH': 11731, 'ARN': 29161, 'DME': 34114, 'HEL': 31826, 'IST': 20628, 'KBP': 25090}, 'DUB': {'FRA': 16741, 'LHR': 8742, 'CDG': 12808, 'AMS': 12378, 'MAD': 21580, 'BCN': 21996, 'FCO': 27307, 'DUB': 0, 'VIE': 24892, 'ZRH': 18703, 'ARN': 23747, 'DME': 0, 'HEL': 29064, 'IST': 42220, 'KBP': 36053}, 'VIE': {'FRA': 10762, 'LHR': 18860, 'CDG': 15975, 'AMS': 15014, 'MAD': 25850, 'BCN': 20173, 'FCO': 12764, 'DUB': 24469, 'VIE': 0, 'ZRH': 10586, 'ARN': 19437, 'DME': 24438, 'HEL': 21557, 'IST': 18635, 'KBP': 16266}, 'ZRH': {'FRA': 6810, 'LHR': 12873, 'CDG': 9029, 'AMS': 10533, 'MAD': 18621, 'BCN': 13766, 'FCO': 11628, 'DUB': 18572, 'VIE': 10514, 'ZRH': 0, 'ARN': 21936, 'DME': 31103, 'HEL': 25562, 'IST': 25318, 'KBP': 23910}, 'ARN': {'FRA': 18368, 'LHR': 21340, 'CDG': 22466, 'AMS': 17417, 'MAD': 37239, 'BCN': 33313, 'FCO': 28887, 'DUB': 23453, 'VIE': 19178, 'ZRH': 21663, 'ARN': 0, 'DME': 0, 'HEL': 8190, 'IST': 31269, 'KBP': 19799}, 'DME': {'FRA': 29377, 'LHR': 36443, 'CDG': 0, 'AMS': 30815, 'MAD': 0, 'BCN': 43082, 'FCO': 34363, 'DUB': 0, 'VIE': 24024, 'ZRH': 31068, 'ARN': 0, 'DME': 0, 'HEL': 0, 'IST': 24937, 'KBP': 0}, 'HEL': {'FRA': 22466, 'LHR': 26614, 'CDG': 27219, 'AMS': 22516, 'MAD': 42043, 'BCN': 37566, 'FCO': 32155, 'DUB': 29224, 'VIE': 21476, 'ZRH': 25672, 'ARN': 8055, 'DME': 0, 'HEL': 0, 'IST': 30954, 'KBP': 17914}, 'IST': {'FRA': 26919, 'LHR': 35988, 'CDG': 32229, 'AMS': 31804, 'MAD': 38692, 'BCN': 31836, 'FCO': 20361, 'DUB': 42258, 'VIE': 18600, 'ZRH': 25261, 'ARN': 31804, 'DME': 25365, 'HEL': 30931, 'IST': 0, 'KBP': 16299}, 'KBP': {'FRA': 22911, 'LHR': 30911, 'CDG': 28834, 'AMS': 26332, 'MAD': 40980, 'BCN': 34817, 'FCO': 24899, 'DUB': 36436, 'VIE': 16296, 'ZRH': 23889, 'ARN': 19633, 'DME': 0, 'HEL': 17615, 'IST': 16166, 'KBP': 0}}
2022-04-22 06:37:20,748 - c:\Users\aarc8\Documents\github\MDOAirB_base\framework\Test\DOE_family_aircraft     - INFO - ---- Start Network Optimization ----
2022-04-22 06:42:20,939 - c:\Users\aarc8\Documents\github\MDOAirB_base\framework\Test\DOE_family_aircraft     - INFO - Network profit [$USD]: -1195258
2022-04-22 06:42:20,966 - c:\Users\aarc8\Documents\github\MDOAirB_base\framework\Test\DOE_family_aircraft     - INFO - Network profit excecution time: 1:31:38.141990
2022-04-22 06:42:20,966 - c:\Users\aarc8\Documents\github\MDOAirB_base\framework\Test\DOE_family_aircraft     - INFO - ==== End network profit module ====
2022-04-22 06:42:20,966 - c:\Users\aarc8\Documents\github\MDOAirB_base\framework\Test\DOE_family_aircraft     - INFO - ==== Start network profit module ====
2022-04-22 06:45:39,466 - c:\Users\aarc8\Documents\github\MDOAirB_base\framework\Test\DOE_family_aircraft     - INFO - Aircraft passed sizing and checks status: 0
2022-04-22 06:45:39,466 - c:\Users\aarc8\Documents\github\MDOAirB_base\framework\Test\DOE_family_aircraft     - INFO - ---- Start DOC matrix calculation ----
2022-04-22 07:50:34,913 - c:\Users\aarc8\Documents\github\MDOAirB_base\framework\Test\DOE_family_aircraft     - INFO - ---- End DOC matrix calculation ----
2022-04-22 07:50:34,929 - c:\Users\aarc8\Documents\github\MDOAirB_base\framework\Test\DOE_family_aircraft     - INFO - Aircraft DOC matrix: {'FRA': {'FRA': 0, 'LHR': 13362, 'CDG': 10722, 'AMS': 9508, 'MAD': 22983, 'BCN': 18821, 'FCO': 17098, 'DUB': 18727, 'VIE': 12930, 'ZRH': 8087, 'ARN': 20295, 'DME': 30977, 'HEL': 24357, 'IST': 28574, 'KBP': 24956}, 'LHR': {'FRA': 13366, 'LHR': 0, 'CDG': 9180, 'AMS': 9686, 'MAD': 20735, 'BCN': 19439, 'FCO': 23188, 'DUB': 10710, 'VIE': 21084, 'ZRH': 15015, 'ARN': 23498, 'DME': 37814, 'HEL': 28421, 'IST': 37458, 'KBP': 32853}, 'CDG': {'FRA': 10750, 'LHR': 9183, 'CDG': 0, 'AMS': 10044, 'MAD': 18463, 'BCN': 15870, 'FCO': 18872, 'DUB': 14888, 'VIE': 18054, 'ZRH': 11057, 'ARN': 24400, 'DME': 0, 'HEL': 28940, 'IST': 33492, 'KBP': 30754}, 'AMS': {'FRA': 9505, 'LHR': 9491, 'CDG': 10024, 'AMS': 0, 'MAD': 23490, 'BCN': 20667, 'FCO': 21400, 'DUB': 14538, 'VIE': 17129, 'ZRH': 12768, 'ARN': 19542, 'DME': 32796, 'HEL': 24170, 'IST': 33180, 'KBP': 28042}, 'MAD': {'FRA': 22917, 'LHR': 20581, 'CDG': 18361, 'AMS': 23410, 'MAD': 0, 'BCN': 11094, 'FCO': 21651, 'DUB': 23317, 'VIE': 27754, 'ZRH': 20484, 'ARN': 38428, 'DME': 0, 'HEL': 43084, 'IST': 39827, 'KBP': 42057}, 'BCN': {'FRA': 18822, 'LHR': 19447, 'CDG': 15901, 'AMS': 20701, 'MAD': 11202, 'BCN': 0, 'FCO': 15740, 'DUB': 23793, 'VIE': 22243, 'ZRH': 15854, 'ARN': 34582, 'DME': 44358, 'HEL': 38957, 'IST': 33517, 'KBP': 36167}, 'FCO': {'FRA': 17079, 'LHR': 23195, 'CDG': 18944, 'AMS': 21400, 'MAD': 21795, 'BCN': 15657, 'FCO': 0, 'DUB': 28885, 'VIE': 14888, 'ZRH': 13852, 'ARN': 30646, 'DME': 35656, 'HEL': 33495, 'IST': 22410, 'KBP': 26703}, 'DUB': {'FRA': 18739, 'LHR': 10663, 'CDG': 14946, 'AMS': 14511, 'MAD': 23403, 'BCN': 23804, 'FCO': 28831, 'DUB': 0, 'VIE': 26474, 'ZRH': 20605, 'ARN': 25497, 'DME': 0, 'HEL': 30740, 'IST': 43239, 'KBP': 37726}, 'VIE': {'FRA': 12942, 'LHR': 21052, 'CDG': 18048, 'AMS': 17137, 'MAD': 27833, 'BCN': 22312, 'FCO': 14811, 'DUB': 26512, 'VIE': 0, 'ZRH': 12740, 'ARN': 21223, 'DME': 26074, 'HEL': 23367, 'IST': 20745, 'KBP': 18438}, 'ZRH': {'FRA': 8121, 'LHR': 14883, 'CDG': 11040, 'AMS': 12678, 'MAD': 20500, 'BCN': 15757, 'FCO': 13794, 'DUB': 20550, 'VIE': 12676, 'ZRH': 0, 'ARN': 23746, 'DME': 33012, 'HEL': 27439, 'IST': 27218, 'KBP': 25865}, 'ARN': {'FRA': 20422, 'LHR': 23421, 'CDG': 24372, 'AMS': 19537, 'MAD': 38509, 'BCN': 34625, 'FCO': 30747, 'DUB': 25504, 'VIE': 21290, 'ZRH': 23731, 'ARN': 0, 'DME': 0, 'HEL': 10024, 'IST': 33166, 'KBP': 21597}, 'DME': {'FRA': 31011, 'LHR': 37692, 'CDG': 0, 'AMS': 32752, 'MAD': 0, 'BCN': 44382, 'FCO': 35670, 'DUB': 0, 'VIE': 26168, 'ZRH': 32992, 'ARN': 0, 'DME': 0, 'HEL': 0, 'IST': 26943, 'KBP': 0}, 'HEL': {'FRA': 24374, 'LHR': 28403, 'CDG': 29020, 'AMS': 24159, 'MAD': 43216, 'BCN': 38862, 'FCO': 33533, 'DUB': 30686, 'VIE': 23477, 'ZRH': 27491, 'ARN': 9996, 'DME': 0, 'HEL': 0, 'IST': 32599, 'KBP': 19784}, 'IST': {'FRA': 28604, 'LHR': 37292, 'CDG': 33514, 'AMS': 33225, 'MAD': 40024, 'BCN': 33463, 'FCO': 22411, 'DUB': 43281, 'VIE': 20780, 'ZRH': 27277, 'ARN': 33225, 'DME': 26962, 'HEL': 32589, 'IST': 0, 'KBP': 18214}, 'KBP': {'FRA': 24958, 'LHR': 32863, 'CDG': 30809, 'AMS': 28020, 'MAD': 42224, 'BCN': 36135, 'FCO': 26685, 'DUB': 37720, 'VIE': 18451, 'ZRH': 25913, 'ARN': 21618, 'DME': 0, 'HEL': 19765, 'IST': 18286, 'KBP': 0}}
2022-04-22 07:50:34,929 - c:\Users\aarc8\Documents\github\MDOAirB_base\framework\Test\DOE_family_aircraft     - INFO - ---- Start Network Optimization ----
2022-04-22 07:55:35,123 - c:\Users\aarc8\Documents\github\MDOAirB_base\framework\Test\DOE_family_aircraft     - INFO - Network profit [$USD]: -1244775
2022-04-22 07:55:35,149 - c:\Users\aarc8\Documents\github\MDOAirB_base\framework\Test\DOE_family_aircraft     - INFO - Network profit excecution time: 1:13:14.182824
2022-04-22 07:55:35,149 - c:\Users\aarc8\Documents\github\MDOAirB_base\framework\Test\DOE_family_aircraft     - INFO - ==== End network profit module ====
ipy\integrate\_ivp\ivp.py", line 576, in solve_ivp
    message = solver.step()
  File "C:\Users\aarc8\anaconda3\envs\MDOAirB_base\lib\site-packages\scipy\integrate\_ivp\base.py", line 181, in step
    success, message = self._step_impl()
  File "C:\Users\aarc8\anaconda3\envs\MDOAirB_base\lib\site-packages\scipy\integrate\_ivp\lsoda.py", line 150, in _step_impl
    self.t_bound, solver.f_params, solver.jac_params)
  File "C:\Users\aarc8\anaconda3\envs\MDOAirB_base\lib\site-packages\scipy\integrate\_ode.py", line 1346, in run
    y1, t, istate = self.runner(*args)
  File "C:\Users\aarc8\anaconda3\envs\MDOAirB_base\lib\site-packages\scipy\integrate\_ivp\base.py", line 138, in fun
    return self.fun_single(t, y)
  File "C:\Users\aarc8\anaconda3\envs\MDOAirB_base\lib\site-packages\scipy\integrate\_ivp\base.py", line 20, in fun_wrapped
    return np.asarray(fun(t, y), dtype=dtype)
  File "C:\Users\aarc8\anaconda3\envs\MDOAirB_base\lib\site-packages\scipy\integrate\_ivp\ivp.py", line 514, in <lambda>
    fun = lambda t, x, fun=fun: fun(t, x, *args)
  File "c:\users\aarc8\documents\github\mdoairb_base\framework\Performance\Analysis\descent_integration.py", line 342, in climb
    _, _, _, _, _, rho_ISA, _, _ = atmosphere_ISA_deviation(altitude, delta_ISA)
  File "c:\users\aarc8\documents\github\mdoairb_base\framework\Attributes\Atmosphere\atmosphere_ISA_deviation.py", line 79, in atmosphere_ISA_deviation
    sigma = delta/theta  # desity ratio
UnboundLocalError: local variable 'delta' referenced before assignment
2022-04-22 02:57:07,470 - c:\Users\aarc8\Documents\github\MDOAirB_base\framework\Test\DOE_family_aircraft     - ERROR - >>>>>>>>>> Error at <<<<<<<<<<<< objective_function
Traceback (most recent call last):
  File "c:\Users\aarc8\Documents\github\MDOAirB_base\framework\Test\DOE_family_aircraft.py", line 109, in objective_function
    if status == 0:
UnboundLocalError: local variable 'status' referenced before assignment
2022-04-22 02:57:07,475 - c:\Users\aarc8\Documents\github\MDOAirB_base\framework\Test\DOE_family_aircraft     - INFO - Exception ocurred during calculations
2022-04-22 02:57:07,476 - c:\Users\aarc8\Documents\github\MDOAirB_base\framework\Test\DOE_family_aircraft     - INFO - Aircraft not passed sizing and checks, profit: 0
2022-04-22 02:57:07,477 - c:\Users\aarc8\Documents\github\MDOAirB_base\framework\Test\DOE_family_aircraft     - INFO - Network profit excecution time: 0:03:06.120459
2022-04-22 02:57:07,479 - c:\Users\aarc8\Documents\github\MDOAirB_base\framework\Test\DOE_family_aircraft     - INFO - ==== End network profit module ====
2022-04-22 02:57:07,479 - c:\Users\aarc8\Documents\github\MDOAirB_base\framework\Test\DOE_family_aircraft     - INFO - ==== Start network profit module ====
2022-04-22 03:03:22,548 - c:\Users\aarc8\Documents\github\MDOAirB_base\framework\Test\DOE_family_aircraft     - INFO - Aircraft passed sizing and checks status: 0
2022-04-22 03:03:22,549 - c:\Users\aarc8\Documents\github\MDOAirB_base\framework\Test\DOE_family_aircraft     - INFO - ---- Start DOC matrix calculation ----
2022-04-22 05:03:02,675 - c:\Users\aarc8\Documents\github\MDOAirB_base\framework\Test\DOE_family_aircraft     - INFO - ---- End DOC matrix calculation ----
2022-04-22 05:03:02,675 - c:\Users\aarc8\Documents\github\MDOAirB_base\framework\Test\DOE_family_aircraft     - INFO - Aircraft DOC matrix: {'FRA': {'FRA': 0, 'LHR': 10173, 'CDG': 7847, 'AMS': 7035, 'MAD': 18976, 'BCN': 15224, 'FCO': 13644, 'DUB': 15133, 'VIE': 9794, 'ZRH': 6174, 'ARN': 16876, 'DME': 27072, 'HEL': 20735, 'IST': 24686, 'KBP': 21306}, 'LHR': {'FRA': 10292, 'LHR': 0, 'CDG': 6847, 'AMS': 7150, 'MAD': 17060, 'BCN': 16000, 'FCO': 19608, 'DUB': 7821, 'VIE': 17512, 'ZRH': 11734, 'ARN': 19835, 'DME': 33084, 'HEL': 24539, 'IST': 32675, 'KBP': 28856}, 'CDG': {'FRA': 7703, 'LHR': 6863, 'CDG': 0, 'AMS': 7253, 'MAD': 14875, 'BCN': 12549, 'FCO': 15398, 'DUB': 11624, 'VIE': 14488, 'ZRH': 8213, 'ARN': 20757, 'DME': 0, 'HEL': 25110, 'IST': 29390, 'KBP': 26882}, 'AMS': {'FRA': 7097, 'LHR': 7050, 'CDG': 7420, 'AMS': 0, 'MAD': 19689, 'BCN': 16802, 'FCO': 17801, 'DUB': 11142, 'VIE': 13834, 'ZRH': 9680, 'ARN': 16012, 'DME': 28712, 'HEL': 20545, 'IST': 28780, 'KBP': 24111}, 'MAD': {'FRA': 18987, 'LHR': 16993, 'CDG': 14807, 'AMS': 19470, 'MAD': 0, 'BCN': 8228, 'FCO': 17897, 'DUB': 19278, 'VIE': 23864, 'ZRH': 16929, 'ARN': 34064, 'DME': 0, 'HEL': 38500, 'IST': 35417, 'KBP': 37530}, 'BCN': {'FRA': 15318, 'LHR': 15869, 'CDG': 12586, 'AMS': 17114, 'MAD': 8306, 'BCN': 0, 'FCO': 12415, 'DUB': 19813, 'VIE': 18707, 'ZRH': 12540, 'ARN': 30432, 'DME': 39661, 'HEL': 34452, 'IST': 29309, 'KBP': 31927}, 'FCO': {'FRA': 13586, 'LHR': 19459, 'CDG': 15283, 'AMS': 17463, 'MAD': 17875, 'BCN': 12208, 'FCO': 0, 'DUB': 24681, 'VIE': 11637, 'ZRH': 10550, 'ARN': 26780, 'DME': 31464, 'HEL': 29333, 'IST': 18865, 'KBP': 22982}, 'DUB': {'FRA': 15240, 'LHR': 7727, 'CDG': 11746, 'AMS': 11331, 'MAD': 19650, 'BCN': 20035, 'FCO': 25000, 'DUB': 0, 'VIE': 22788, 'ZRH': 17059, 'ARN': 21820, 'DME': 0, 'HEL': 26770, 'IST': 38665, 'KBP': 33325}, 'VIE': {'FRA': 9774, 'LHR': 17388, 'CDG': 14520, 'AMS': 13631, 'MAD': 23739, 'BCN': 18394, 'FCO': 11583, 'DUB': 22465, 'VIE': 0, 'ZRH': 9571, 'ARN': 17735, 'DME': 22358, 'HEL': 19760, 'IST': 17287, 'KBP': 14969}, 'ZRH': {'FRA': 6091, 'LHR': 11630, 'CDG': 8103, 'AMS': 9488, 'MAD': 16800, 'BCN': 12407, 'FCO': 10661, 'DUB': 16879, 'VIE': 9623, 'ZRH': 0, 'ARN': 20079, 'DME': 28855, 'HEL': 23605, 'IST': 23397, 'KBP': 22189}, 'ARN': {'FRA': 16716, 'LHR': 19561, 'CDG': 20452, 'AMS': 15917, 'MAD': 33638, 'BCN': 30032, 'FCO': 26414, 'DUB': 21480, 'VIE': 17305, 'ZRH': 19906, 'ARN': 0, 'DME': 0, 'HEL': 7325, 'IST': 29068, 'KBP': 17935}, 'DME': {'FRA': 26762, 'LHR': 32925, 'CDG': 0, 'AMS': 28316, 'MAD': 0, 'BCN': 39159, 'FCO': 31236, 'DUB': 0, 'VIE': 22059, 'ZRH': 28544, 'ARN': 0, 'DME': 0, 'HEL': 0, 'IST': 22897, 'KBP': 0}, 'HEL': {'FRA': 20429, 'LHR': 24220, 'CDG': 24789, 'AMS': 20162, 'MAD': 38202, 'BCN': 34297, 'FCO': 28995, 'DUB': 26408, 'VIE': 19371, 'ZRH': 23488, 'ARN': 7368, 'DME': 0, 'HEL': 0, 'IST': 28614, 'KBP': 16282}, 'IST': {'FRA': 24458, 'LHR': 32663, 'CDG': 29046, 'AMS': 28724, 'MAD': 35065, 'BCN': 28998, 'FCO': 18775, 'DUB': 38048, 'VIE': 17103, 'ZRH': 23204, 'ARN': 28724, 'DME': 23140, 'HEL': 28186, 'IST': 0, 'KBP': 14774}, 'KBP': {'FRA': 21030, 'LHR': 28416, 'CDG': 26570, 'AMS': 23901, 'MAD': 37118, 'BCN': 31600, 'FCO': 22652, 'DUB': 33180, 'VIE': 14898, 'ZRH': 21929, 'ARN': 17952, 'DME': 0, 'HEL': 16183, 'IST': 14878, 'KBP': 0}}
2022-04-22 05:03:02,677 - c:\Users\aarc8\Documents\github\MDOAirB_base\framework\Test\DOE_family_aircraft     - INFO - ---- Start Network Optimization ----
2022-04-22 05:08:02,969 - c:\Users\aarc8\Documents\github\MDOAirB_base\framework\Test\DOE_family_aircraft     - INFO - Network profit [$USD]: -147962
2022-04-22 05:08:03,017 - c:\Users\aarc8\Documents\github\MDOAirB_base\framework\Test\DOE_family_aircraft     - INFO - Network profit excecution time: 2:10:55.537667
2022-04-22 05:08:03,017 - c:\Users\aarc8\Documents\github\MDOAirB_base\framework\Test\DOE_family_aircraft     - INFO - ==== End network profit module ====
2022-04-22 05:08:03,018 - c:\Users\aarc8\Documents\github\MDOAirB_base\framework\Test\DOE_family_aircraft     - INFO - ==== Start network profit module ====
2022-04-22 05:11:16,175 - c:\Users\aarc8\Documents\github\MDOAirB_base\framework\Test\DOE_family_aircraft     - INFO - Aircraft did not pass sizing and checks, profit: 0
2022-04-22 05:11:16,175 - c:\Users\aarc8\Documents\github\MDOAirB_base\framework\Test\DOE_family_aircraft     - INFO - Network profit excecution time: 0:03:13.157273
2022-04-22 05:11:16,176 - c:\Users\aarc8\Documents\github\MDOAirB_base\framework\Test\DOE_family_aircraft     - INFO - ==== End network profit module ====
2022-04-22 05:11:16,176 - c:\Users\aarc8\Documents\github\MDOAirB_base\framework\Test\DOE_family_aircraft     - INFO - ==== Start network profit module ====
2022-04-22 05:15:25,923 - c:\Users\aarc8\Documents\github\MDOAirB_base\framework\Test\DOE_family_aircraft     - INFO - Aircraft did not pass sizing and checks, profit: 0
2022-04-22 05:15:25,924 - c:\Users\aarc8\Documents\github\MDOAirB_base\framework\Test\DOE_family_aircraft     - INFO - Network profit excecution time: 0:04:09.747534
2022-04-22 05:15:25,924 - c:\Users\aarc8\Documents\github\MDOAirB_base\framework\Test\DOE_family_aircraft     - INFO - ==== End network profit module ====
